Started GET "/" for 47.150.233.55 at 2020-05-12 18:31:17 +0000
Cannot render console from 47.150.233.55! Allowed networks: 127.0.0.0/127.255.255.255, ::1
  [1m[35m (1.5ms)[0m  [1m[34mSELECT sqlite_version(*)[0m
Processing by Rails::WelcomeController#index as HTML
  Rendering /usr/local/bundle/gems/railties-6.0.3/lib/rails/templates/rails/welcome/index.html.erb
  Rendered /usr/local/bundle/gems/railties-6.0.3/lib/rails/templates/rails/welcome/index.html.erb (Duration: 81.9ms | Allocations: 294)
Completed 200 OK in 92ms (Views: 84.4ms | ActiveRecord: 0.0ms | Allocations: 1868)


Started GET "/" for 47.150.233.55 at 2020-05-12 18:35:31 +0000
Cannot render console from 47.150.233.55! Allowed networks: 127.0.0.0/127.255.255.255, ::1
  [1m[35m (0.1ms)[0m  [1m[34mSELECT sqlite_version(*)[0m
Processing by Rails::WelcomeController#index as HTML
  Rendering /usr/local/bundle/gems/railties-6.0.3/lib/rails/templates/rails/welcome/index.html.erb
  Rendered /usr/local/bundle/gems/railties-6.0.3/lib/rails/templates/rails/welcome/index.html.erb (Duration: 8.0ms | Allocations: 182)
Completed 200 OK in 13ms (Views: 9.3ms | ActiveRecord: 0.0ms | Allocations: 2431)


Started GET "/" for 47.150.233.55 at 2020-05-12 18:35:32 +0000
Cannot render console from 47.150.233.55! Allowed networks: 127.0.0.0/127.255.255.255, ::1
Processing by Rails::WelcomeController#index as HTML
  Rendering /usr/local/bundle/gems/railties-6.0.3/lib/rails/templates/rails/welcome/index.html.erb
  Rendered /usr/local/bundle/gems/railties-6.0.3/lib/rails/templates/rails/welcome/index.html.erb (Duration: 0.5ms | Allocations: 8)
Completed 200 OK in 3ms (Views: 1.7ms | ActiveRecord: 0.0ms | Allocations: 530)


Started GET "/" for 47.150.233.55 at 2020-05-12 18:36:39 +0000
Cannot render console from 47.150.233.55! Allowed networks: 127.0.0.0/127.255.255.255, ::1
  
ArgumentError (Missing :controller key on routes definition, please check your routes.):
  
config/routes.rb:3:in `block in <main>'
config/routes.rb:1:in `<main>'
Started GET "/home/index" for 47.150.233.55 at 2020-05-12 18:36:54 +0000
Cannot render console from 47.150.233.55! Allowed networks: 127.0.0.0/127.255.255.255, ::1
  [1m[35m (0.1ms)[0m  [1m[34mSELECT sqlite_version(*)[0m
Processing by HomeController#index as HTML
  Rendering home/index.html.erb within layouts/application
  Rendered home/index.html.erb within layouts/application (Duration: 0.4ms | Allocations: 76)
[Webpacker] Compiling...
[Webpacker] Compilation failed:
/usr/local/bin/ruby: No such file or directory -- ./bin/webpack (LoadError)

Completed 500 Internal Server Error in 493ms (ActiveRecord: 0.0ms | Allocations: 17178)


  
ActionView::Template::Error (Webpacker can't find application in /za/app/public/packs/manifest.json. Possible causes:
1. You want to set webpacker.yml value of compile to true for your environment
   unless you are using the `webpack -w` or the webpack-dev-server.
2. webpack has not yet re-run to reflect updates.
3. You have misconfigured Webpacker's config/webpacker.yml file.
4. Your webpack configuration is not creating a manifest.
Your manifest contains:
{
}
):
     6:     <%= csp_meta_tag %>
     7: 
     8:     <%= stylesheet_link_tag 'application', media: 'all', 'data-turbolinks-track': 'reload' %>
     9:     <%= javascript_pack_tag 'application', 'data-turbolinks-track': 'reload' %>
    10:   </head>
    11: 
    12:   <body>
  
app/views/layouts/application.html.erb:9
Started GET "/home/index" for 47.150.233.55 at 2020-05-12 18:40:28 +0000
Cannot render console from 47.150.233.55! Allowed networks: 127.0.0.0/127.255.255.255, ::1
  [1m[35m (0.4ms)[0m  [1m[34mSELECT sqlite_version(*)[0m
Processing by HomeController#index as HTML
  Rendering home/index.html.erb within layouts/application
  Rendered home/index.html.erb within layouts/application (Duration: 0.8ms | Allocations: 187)
[Webpacker] Compiling...
[Webpacker] Compilation failed:
/usr/local/bin/ruby: No such file or directory -- ./bin/webpack (LoadError)

Completed 500 Internal Server Error in 477ms (ActiveRecord: 0.0ms | Allocations: 9170)


  
ActionView::Template::Error (Webpacker can't find application in /za/app/public/packs/manifest.json. Possible causes:
1. You want to set webpacker.yml value of compile to true for your environment
   unless you are using the `webpack -w` or the webpack-dev-server.
2. webpack has not yet re-run to reflect updates.
3. You have misconfigured Webpacker's config/webpacker.yml file.
4. Your webpack configuration is not creating a manifest.
Your manifest contains:
{
}
):
     6:     <%= csp_meta_tag %>
     7: 
     8:     <%= stylesheet_link_tag 'application', media: 'all', 'data-turbolinks-track': 'reload' %>
     9:     <%= javascript_pack_tag 'application', 'data-turbolinks-track': 'reload' %>
    10:   </head>
    11: 
    12:   <body>
  
app/views/layouts/application.html.erb:9
Started GET "/" for 47.150.233.55 at 2020-05-12 18:40:34 +0000
Cannot render console from 47.150.233.55! Allowed networks: 127.0.0.0/127.255.255.255, ::1
Processing by HomeController#index as HTML
  Rendering home/index.html.erb within layouts/application
  Rendered home/index.html.erb within layouts/application (Duration: 0.1ms | Allocations: 5)
[Webpacker] Compiling...
[Webpacker] Compilation failed:
/usr/local/bin/ruby: No such file or directory -- ./bin/webpack (LoadError)

Completed 500 Internal Server Error in 293ms (ActiveRecord: 0.0ms | Allocations: 5223)


  
ActionView::Template::Error (Webpacker can't find application in /za/app/public/packs/manifest.json. Possible causes:
1. You want to set webpacker.yml value of compile to true for your environment
   unless you are using the `webpack -w` or the webpack-dev-server.
2. webpack has not yet re-run to reflect updates.
3. You have misconfigured Webpacker's config/webpacker.yml file.
4. Your webpack configuration is not creating a manifest.
Your manifest contains:
{
}
):
     6:     <%= csp_meta_tag %>
     7: 
     8:     <%= stylesheet_link_tag 'application', media: 'all', 'data-turbolinks-track': 'reload' %>
     9:     <%= javascript_pack_tag 'application', 'data-turbolinks-track': 'reload' %>
    10:   </head>
    11: 
    12:   <body>
  
app/views/layouts/application.html.erb:9
Started GET "/" for 47.150.233.55 at 2020-05-12 18:44:09 +0000
Cannot render console from 47.150.233.55! Allowed networks: 127.0.0.0/127.255.255.255, ::1
Processing by HomeController#index as HTML
  Rendering home/index.html.erb within layouts/application
  Rendered home/index.html.erb within layouts/application (Duration: 0.1ms | Allocations: 5)
[Webpacker] Compiling...
[Webpacker] Compilation failed:
/usr/local/bin/ruby: No such file or directory -- ./bin/webpack (LoadError)

Completed 500 Internal Server Error in 256ms (ActiveRecord: 0.0ms | Allocations: 5184)


  
ActionView::Template::Error (Webpacker can't find application in /za/app/public/packs/manifest.json. Possible causes:
1. You want to set webpacker.yml value of compile to true for your environment
   unless you are using the `webpack -w` or the webpack-dev-server.
2. webpack has not yet re-run to reflect updates.
3. You have misconfigured Webpacker's config/webpacker.yml file.
4. Your webpack configuration is not creating a manifest.
Your manifest contains:
{
}
):
     6:     <%= csp_meta_tag %>
     7: 
     8:     <%= stylesheet_link_tag 'application', media: 'all', 'data-turbolinks-track': 'reload' %>
     9:     <%= javascript_pack_tag 'application', 'data-turbolinks-track': 'reload' %>
    10:   </head>
    11: 
    12:   <body>
  
app/views/layouts/application.html.erb:9
Started GET "/" for 47.150.233.55 at 2020-05-12 18:44:12 +0000
Cannot render console from 47.150.233.55! Allowed networks: 127.0.0.0/127.255.255.255, ::1
Processing by HomeController#index as HTML
  Rendering home/index.html.erb within layouts/application
  Rendered home/index.html.erb within layouts/application (Duration: 0.1ms | Allocations: 5)
[Webpacker] Compiling...
[Webpacker] Compilation failed:
/usr/local/bin/ruby: No such file or directory -- ./bin/webpack (LoadError)

Completed 500 Internal Server Error in 311ms (ActiveRecord: 0.0ms | Allocations: 5182)


  
ActionView::Template::Error (Webpacker can't find application in /za/app/public/packs/manifest.json. Possible causes:
1. You want to set webpacker.yml value of compile to true for your environment
   unless you are using the `webpack -w` or the webpack-dev-server.
2. webpack has not yet re-run to reflect updates.
3. You have misconfigured Webpacker's config/webpacker.yml file.
4. Your webpack configuration is not creating a manifest.
Your manifest contains:
{
}
):
     6:     <%= csp_meta_tag %>
     7: 
     8:     <%= stylesheet_link_tag 'application', media: 'all', 'data-turbolinks-track': 'reload' %>
     9:     <%= javascript_pack_tag 'application', 'data-turbolinks-track': 'reload' %>
    10:   </head>
    11: 
    12:   <body>
  
app/views/layouts/application.html.erb:9
Started GET "/" for 47.150.233.55 at 2020-05-12 18:44:36 +0000
Cannot render console from 47.150.233.55! Allowed networks: 127.0.0.0/127.255.255.255, ::1
Processing by HomeController#index as HTML
  Rendering home/index.html.erb within layouts/application
  Rendered home/index.html.erb within layouts/application (Duration: 0.1ms | Allocations: 4)
[Webpacker] Compiling...
[Webpacker] Compilation failed:
/usr/local/bin/ruby: No such file or directory -- ./bin/webpack (LoadError)

Completed 500 Internal Server Error in 288ms (ActiveRecord: 0.0ms | Allocations: 5180)


  
ActionView::Template::Error (Webpacker can't find application in /za/app/public/packs/manifest.json. Possible causes:
1. You want to set webpacker.yml value of compile to true for your environment
   unless you are using the `webpack -w` or the webpack-dev-server.
2. webpack has not yet re-run to reflect updates.
3. You have misconfigured Webpacker's config/webpacker.yml file.
4. Your webpack configuration is not creating a manifest.
Your manifest contains:
{
}
):
     6:     <%= csp_meta_tag %>
     7: 
     8:     <%= stylesheet_link_tag 'application', media: 'all', 'data-turbolinks-track': 'reload' %>
     9:     <%= javascript_pack_tag 'application', 'data-turbolinks-track': 'reload' %>
    10:   </head>
    11: 
    12:   <body>
  
app/views/layouts/application.html.erb:9
Started GET "/" for 47.150.233.55 at 2020-05-12 18:44:50 +0000
Cannot render console from 47.150.233.55! Allowed networks: 127.0.0.0/127.255.255.255, ::1
  [1m[35m (0.5ms)[0m  [1m[34mSELECT sqlite_version(*)[0m
Processing by HomeController#index as HTML
  Rendering home/index.html.erb within layouts/application
  Rendered home/index.html.erb within layouts/application (Duration: 0.6ms | Allocations: 187)
Completed 500 Internal Server Error in 17ms (ActiveRecord: 0.0ms | Allocations: 6848)


  
ActionView::Template::Error (Webpacker can't find application in /za/app/public/packs/manifest.json. Possible causes:
1. You want to set webpacker.yml value of compile to true for your environment
   unless you are using the `webpack -w` or the webpack-dev-server.
2. webpack has not yet re-run to reflect updates.
3. You have misconfigured Webpacker's config/webpacker.yml file.
4. Your webpack configuration is not creating a manifest.
Your manifest contains:
{
}
):
     6:     <%= csp_meta_tag %>
     7: 
     8:     <%= stylesheet_link_tag 'application', media: 'all', 'data-turbolinks-track': 'reload' %>
     9:     <%= javascript_pack_tag 'application', 'data-turbolinks-track': 'reload' %>
    10:   </head>
    11: 
    12:   <body>
  
app/views/layouts/application.html.erb:9
Started GET "/" for 47.150.233.55 at 2020-05-12 18:45:46 +0000
Cannot render console from 47.150.233.55! Allowed networks: 127.0.0.0/127.255.255.255, ::1
Processing by HomeController#index as HTML
  Rendering home/index.html.erb within layouts/application
  Rendered home/index.html.erb within layouts/application (Duration: 0.1ms | Allocations: 5)
Completed 500 Internal Server Error in 6ms (ActiveRecord: 0.0ms | Allocations: 2928)


  
ActionView::Template::Error (Webpacker can't find application in /za/app/public/packs/manifest.json. Possible causes:
1. You want to set webpacker.yml value of compile to true for your environment
   unless you are using the `webpack -w` or the webpack-dev-server.
2. webpack has not yet re-run to reflect updates.
3. You have misconfigured Webpacker's config/webpacker.yml file.
4. Your webpack configuration is not creating a manifest.
Your manifest contains:
{
}
):
     6:     <%= csp_meta_tag %>
     7: 
     8:     <%= stylesheet_link_tag 'application', media: 'all', 'data-turbolinks-track': 'reload' %>
     9:     <%= javascript_pack_tag 'application', 'data-turbolinks-track': 'reload' %>
    10:   </head>
    11: 
    12:   <body>
  
app/views/layouts/application.html.erb:9
Started GET "/" for 47.150.233.55 at 2020-05-12 18:48:05 +0000
Cannot render console from 47.150.233.55! Allowed networks: 127.0.0.0/127.255.255.255, ::1
Processing by HomeController#index as HTML
  Rendering home/index.html.erb within layouts/application
  Rendered home/index.html.erb within layouts/application (Duration: 0.4ms | Allocations: 75)
Completed 200 OK in 9ms (Views: 8.1ms | ActiveRecord: 0.0ms | Allocations: 2840)


Started GET "/" for 47.150.233.55 at 2020-05-12 18:48:41 +0000
Cannot render console from 47.150.233.55! Allowed networks: 127.0.0.0/127.255.255.255, ::1
Processing by HomeController#index as HTML
  Rendering home/index.html.erb within layouts/application
  Rendered home/index.html.erb within layouts/application (Duration: 0.1ms | Allocations: 5)
Completed 200 OK in 5ms (Views: 4.0ms | ActiveRecord: 0.0ms | Allocations: 1947)


Started GET "/" for 47.150.233.55 at 2020-05-12 18:48:42 +0000
Cannot render console from 47.150.233.55! Allowed networks: 127.0.0.0/127.255.255.255, ::1
Processing by HomeController#index as HTML
  Rendering home/index.html.erb within layouts/application
  Rendered home/index.html.erb within layouts/application (Duration: 0.1ms | Allocations: 4)
Completed 200 OK in 5ms (Views: 4.2ms | ActiveRecord: 0.0ms | Allocations: 1941)


Started GET "/" for 47.150.233.55 at 2020-05-12 18:50:48 +0000
Cannot render console from 47.150.233.55! Allowed networks: 127.0.0.0/127.255.255.255, ::1
Processing by HomeController#index as HTML
  Rendering home/index.html.erb within layouts/application
  Rendered home/index.html.erb within layouts/application (Duration: 0.5ms | Allocations: 77)
Completed 200 OK in 7ms (Views: 5.8ms | ActiveRecord: 0.0ms | Allocations: 2859)


Started GET "/" for 47.150.233.55 at 2020-05-12 18:50:51 +0000
Cannot render console from 47.150.233.55! Allowed networks: 127.0.0.0/127.255.255.255, ::1
Processing by HomeController#index as HTML
  Rendering home/index.html.erb within layouts/application
  Rendered home/index.html.erb within layouts/application (Duration: 0.0ms | Allocations: 5)
Completed 200 OK in 4ms (Views: 3.3ms | ActiveRecord: 0.0ms | Allocations: 1888)


Started GET "/" for 47.150.233.55 at 2020-05-12 18:51:16 +0000
Cannot render console from 47.150.233.55! Allowed networks: 127.0.0.0/127.255.255.255, ::1
Processing by HomeController#index as HTML
  Rendering home/index.html.erb within layouts/application
  Rendered home/index.html.erb within layouts/application (Duration: 0.3ms | Allocations: 74)
Completed 200 OK in 6ms (Views: 4.6ms | ActiveRecord: 0.0ms | Allocations: 2863)


Started GET "/" for 47.150.233.55 at 2020-05-12 18:51:45 +0000
Cannot render console from 47.150.233.55! Allowed networks: 127.0.0.0/127.255.255.255, ::1
Processing by HomeController#index as HTML
  Rendering home/index.html.erb within layouts/application
  Rendered home/index.html.erb within layouts/application (Duration: 0.5ms | Allocations: 74)
Completed 200 OK in 4ms (Views: 2.7ms | ActiveRecord: 0.0ms | Allocations: 1587)


Started GET "/" for 47.150.233.55 at 2020-05-12 18:52:21 +0000
Cannot render console from 47.150.233.55! Allowed networks: 127.0.0.0/127.255.255.255, ::1
Processing by HomeController#index as HTML
  Rendering home/index.html.erb within layouts/application
  Rendered home/index.html.erb within layouts/application (Duration: 0.5ms | Allocations: 74)
Completed 200 OK in 5ms (Views: 3.0ms | ActiveRecord: 0.0ms | Allocations: 1556)


Started GET "/" for 47.150.233.55 at 2020-05-12 18:52:22 +0000
Cannot render console from 47.150.233.55! Allowed networks: 127.0.0.0/127.255.255.255, ::1
Processing by HomeController#index as HTML
  Rendering home/index.html.erb within layouts/application
  Rendered home/index.html.erb within layouts/application (Duration: 0.0ms | Allocations: 4)
Completed 200 OK in 2ms (Views: 1.0ms | ActiveRecord: 0.0ms | Allocations: 680)


Started GET "/" for 47.150.233.55 at 2020-05-12 18:53:53 +0000
Cannot render console from 47.150.233.55! Allowed networks: 127.0.0.0/127.255.255.255, ::1
Processing by HomeController#index as HTML
  Rendering home/index.html.erb within layouts/application
  Rendered home/index.html.erb within layouts/application (Duration: 0.8ms | Allocations: 258)
Completed 200 OK in 4ms (Views: 2.9ms | ActiveRecord: 0.0ms | Allocations: 1732)


Started GET "/css/site.css" for 47.150.233.55 at 2020-05-12 18:53:53 +0000
Cannot render console from 47.150.233.55! Allowed networks: 127.0.0.0/127.255.255.255, ::1
Started GET "/js/scripts.js" for 47.150.233.55 at 2020-05-12 18:53:53 +0000
Cannot render console from 47.150.233.55! Allowed networks: 127.0.0.0/127.255.255.255, ::1
  
ActionController::RoutingError (No route matches [GET] "/js/scripts.js"):
  
actionpack (6.0.3) lib/action_dispatch/middleware/debug_exceptions.rb:36:in `call'
web-console (4.0.2) lib/web_console/middleware.rb:132:in `call_app'
web-console (4.0.2) lib/web_console/middleware.rb:19:in `block in call'
web-console (4.0.2) lib/web_console/middleware.rb:17:in `catch'
web-console (4.0.2) lib/web_console/middleware.rb:17:in `call'
actionpack (6.0.3) lib/action_dispatch/middleware/show_exceptions.rb:33:in `call'
railties (6.0.3) lib/rails/rack/logger.rb:37:in `call_app'
railties (6.0.3) lib/rails/rack/logger.rb:26:in `block in call'
activesupport (6.0.3) lib/active_support/tagged_logging.rb:80:in `block in tagged'
activesupport (6.0.3) lib/active_support/tagged_logging.rb:28:in `tagged'
activesupport (6.0.3) lib/active_support/tagged_logging.rb:80:in `tagged'
railties (6.0.3) lib/rails/rack/logger.rb:26:in `call'
sprockets-rails (3.2.1) lib/sprockets/rails/quiet_assets.rb:13:in `call'
actionpack (6.0.3) lib/action_dispatch/middleware/remote_ip.rb:81:in `call'
actionpack (6.0.3) lib/action_dispatch/middleware/request_id.rb:27:in `call'
rack (2.2.2) lib/rack/method_override.rb:24:in `call'
rack (2.2.2) lib/rack/runtime.rb:22:in `call'
activesupport (6.0.3) lib/active_support/cache/strategy/local_cache_middleware.rb:29:in `call'
actionpack (6.0.3) lib/action_dispatch/middleware/executor.rb:14:in `call'
actionpack (6.0.3) lib/action_dispatch/middleware/static.rb:126:in `call'
rack (2.2.2) lib/rack/sendfile.rb:110:in `call'
actionpack (6.0.3) lib/action_dispatch/middleware/host_authorization.rb:76:in `call'
webpacker (4.2.2) lib/webpacker/dev_server_proxy.rb:23:in `perform_request'
rack-proxy (0.6.5) lib/rack/proxy.rb:57:in `call'
railties (6.0.3) lib/rails/engine.rb:527:in `call'
puma (4.3.3) lib/puma/configuration.rb:228:in `call'
puma (4.3.3) lib/puma/server.rb:682:in `handle_request'
puma (4.3.3) lib/puma/server.rb:472:in `process_client'
puma (4.3.3) lib/puma/server.rb:328:in `block in run'
puma (4.3.3) lib/puma/thread_pool.rb:134:in `block in spawn_thread'
  [1m[35m (0.1ms)[0m  [1m[34mSELECT sqlite_version(*)[0m
  
ActionController::RoutingError (No route matches [GET] "/css/site.css"):
  
actionpack (6.0.3) lib/action_dispatch/middleware/debug_exceptions.rb:36:in `call'
web-console (4.0.2) lib/web_console/middleware.rb:132:in `call_app'
web-console (4.0.2) lib/web_console/middleware.rb:19:in `block in call'
web-console (4.0.2) lib/web_console/middleware.rb:17:in `catch'
web-console (4.0.2) lib/web_console/middleware.rb:17:in `call'
actionpack (6.0.3) lib/action_dispatch/middleware/show_exceptions.rb:33:in `call'
railties (6.0.3) lib/rails/rack/logger.rb:37:in `call_app'
railties (6.0.3) lib/rails/rack/logger.rb:26:in `block in call'
activesupport (6.0.3) lib/active_support/tagged_logging.rb:80:in `block in tagged'
activesupport (6.0.3) lib/active_support/tagged_logging.rb:28:in `tagged'
activesupport (6.0.3) lib/active_support/tagged_logging.rb:80:in `tagged'
railties (6.0.3) lib/rails/rack/logger.rb:26:in `call'
sprockets-rails (3.2.1) lib/sprockets/rails/quiet_assets.rb:13:in `call'
actionpack (6.0.3) lib/action_dispatch/middleware/remote_ip.rb:81:in `call'
actionpack (6.0.3) lib/action_dispatch/middleware/request_id.rb:27:in `call'
rack (2.2.2) lib/rack/method_override.rb:24:in `call'
rack (2.2.2) lib/rack/runtime.rb:22:in `call'
activesupport (6.0.3) lib/active_support/cache/strategy/local_cache_middleware.rb:29:in `call'
actionpack (6.0.3) lib/action_dispatch/middleware/executor.rb:14:in `call'
actionpack (6.0.3) lib/action_dispatch/middleware/static.rb:126:in `call'
rack (2.2.2) lib/rack/sendfile.rb:110:in `call'
actionpack (6.0.3) lib/action_dispatch/middleware/host_authorization.rb:76:in `call'
webpacker (4.2.2) lib/webpacker/dev_server_proxy.rb:23:in `perform_request'
rack-proxy (0.6.5) lib/rack/proxy.rb:57:in `call'
railties (6.0.3) lib/rails/engine.rb:527:in `call'
puma (4.3.3) lib/puma/configuration.rb:228:in `call'
puma (4.3.3) lib/puma/server.rb:682:in `handle_request'
puma (4.3.3) lib/puma/server.rb:472:in `process_client'
puma (4.3.3) lib/puma/server.rb:328:in `block in run'
puma (4.3.3) lib/puma/thread_pool.rb:134:in `block in spawn_thread'
Started GET "/" for 47.150.233.55 at 2020-05-12 18:55:29 +0000
Cannot render console from 47.150.233.55! Allowed networks: 127.0.0.0/127.255.255.255, ::1
Processing by HomeController#index as HTML
  Rendering home/index.html.erb within layouts/application
  Rendered home/index.html.erb within layouts/application (Duration: 0.1ms | Allocations: 4)
Completed 200 OK in 2ms (Views: 1.1ms | ActiveRecord: 0.0ms | Allocations: 678)


Started GET "/js/scripts.js" for 47.150.233.55 at 2020-05-12 18:55:29 +0000
Cannot render console from 47.150.233.55! Allowed networks: 127.0.0.0/127.255.255.255, ::1
  
ActionController::RoutingError (No route matches [GET] "/js/scripts.js"):
  
actionpack (6.0.3) lib/action_dispatch/middleware/debug_exceptions.rb:36:in `call'
web-console (4.0.2) lib/web_console/middleware.rb:132:in `call_app'
web-console (4.0.2) lib/web_console/middleware.rb:19:in `block in call'
web-console (4.0.2) lib/web_console/middleware.rb:17:in `catch'
web-console (4.0.2) lib/web_console/middleware.rb:17:in `call'
actionpack (6.0.3) lib/action_dispatch/middleware/show_exceptions.rb:33:in `call'
railties (6.0.3) lib/rails/rack/logger.rb:37:in `call_app'
railties (6.0.3) lib/rails/rack/logger.rb:26:in `block in call'
activesupport (6.0.3) lib/active_support/tagged_logging.rb:80:in `block in tagged'
activesupport (6.0.3) lib/active_support/tagged_logging.rb:28:in `tagged'
activesupport (6.0.3) lib/active_support/tagged_logging.rb:80:in `tagged'
railties (6.0.3) lib/rails/rack/logger.rb:26:in `call'
sprockets-rails (3.2.1) lib/sprockets/rails/quiet_assets.rb:13:in `call'
actionpack (6.0.3) lib/action_dispatch/middleware/remote_ip.rb:81:in `call'
actionpack (6.0.3) lib/action_dispatch/middleware/request_id.rb:27:in `call'
rack (2.2.2) lib/rack/method_override.rb:24:in `call'
rack (2.2.2) lib/rack/runtime.rb:22:in `call'
activesupport (6.0.3) lib/active_support/cache/strategy/local_cache_middleware.rb:29:in `call'
actionpack (6.0.3) lib/action_dispatch/middleware/executor.rb:14:in `call'
actionpack (6.0.3) lib/action_dispatch/middleware/static.rb:126:in `call'
rack (2.2.2) lib/rack/sendfile.rb:110:in `call'
actionpack (6.0.3) lib/action_dispatch/middleware/host_authorization.rb:76:in `call'
webpacker (4.2.2) lib/webpacker/dev_server_proxy.rb:23:in `perform_request'
rack-proxy (0.6.5) lib/rack/proxy.rb:57:in `call'
railties (6.0.3) lib/rails/engine.rb:527:in `call'
puma (4.3.3) lib/puma/configuration.rb:228:in `call'
puma (4.3.3) lib/puma/server.rb:682:in `handle_request'
puma (4.3.3) lib/puma/server.rb:472:in `process_client'
puma (4.3.3) lib/puma/server.rb:328:in `block in run'
puma (4.3.3) lib/puma/thread_pool.rb:134:in `block in spawn_thread'
Started GET "/css/site.css" for 47.150.233.55 at 2020-05-12 18:55:29 +0000
Cannot render console from 47.150.233.55! Allowed networks: 127.0.0.0/127.255.255.255, ::1
  
ActionController::RoutingError (No route matches [GET] "/css/site.css"):
  
actionpack (6.0.3) lib/action_dispatch/middleware/debug_exceptions.rb:36:in `call'
web-console (4.0.2) lib/web_console/middleware.rb:132:in `call_app'
web-console (4.0.2) lib/web_console/middleware.rb:19:in `block in call'
web-console (4.0.2) lib/web_console/middleware.rb:17:in `catch'
web-console (4.0.2) lib/web_console/middleware.rb:17:in `call'
actionpack (6.0.3) lib/action_dispatch/middleware/show_exceptions.rb:33:in `call'
railties (6.0.3) lib/rails/rack/logger.rb:37:in `call_app'
railties (6.0.3) lib/rails/rack/logger.rb:26:in `block in call'
activesupport (6.0.3) lib/active_support/tagged_logging.rb:80:in `block in tagged'
activesupport (6.0.3) lib/active_support/tagged_logging.rb:28:in `tagged'
activesupport (6.0.3) lib/active_support/tagged_logging.rb:80:in `tagged'
railties (6.0.3) lib/rails/rack/logger.rb:26:in `call'
sprockets-rails (3.2.1) lib/sprockets/rails/quiet_assets.rb:13:in `call'
actionpack (6.0.3) lib/action_dispatch/middleware/remote_ip.rb:81:in `call'
actionpack (6.0.3) lib/action_dispatch/middleware/request_id.rb:27:in `call'
rack (2.2.2) lib/rack/method_override.rb:24:in `call'
rack (2.2.2) lib/rack/runtime.rb:22:in `call'
activesupport (6.0.3) lib/active_support/cache/strategy/local_cache_middleware.rb:29:in `call'
actionpack (6.0.3) lib/action_dispatch/middleware/executor.rb:14:in `call'
actionpack (6.0.3) lib/action_dispatch/middleware/static.rb:126:in `call'
rack (2.2.2) lib/rack/sendfile.rb:110:in `call'
actionpack (6.0.3) lib/action_dispatch/middleware/host_authorization.rb:76:in `call'
webpacker (4.2.2) lib/webpacker/dev_server_proxy.rb:23:in `perform_request'
rack-proxy (0.6.5) lib/rack/proxy.rb:57:in `call'
railties (6.0.3) lib/rails/engine.rb:527:in `call'
puma (4.3.3) lib/puma/configuration.rb:228:in `call'
puma (4.3.3) lib/puma/server.rb:682:in `handle_request'
puma (4.3.3) lib/puma/server.rb:472:in `process_client'
puma (4.3.3) lib/puma/server.rb:328:in `block in run'
puma (4.3.3) lib/puma/thread_pool.rb:134:in `block in spawn_thread'
Started GET "/js/scripts.js" for 47.150.233.55 at 2020-05-12 18:55:30 +0000
Cannot render console from 47.150.233.55! Allowed networks: 127.0.0.0/127.255.255.255, ::1
  
ActionController::RoutingError (No route matches [GET] "/js/scripts.js"):
  
actionpack (6.0.3) lib/action_dispatch/middleware/debug_exceptions.rb:36:in `call'
web-console (4.0.2) lib/web_console/middleware.rb:132:in `call_app'
web-console (4.0.2) lib/web_console/middleware.rb:19:in `block in call'
web-console (4.0.2) lib/web_console/middleware.rb:17:in `catch'
web-console (4.0.2) lib/web_console/middleware.rb:17:in `call'
actionpack (6.0.3) lib/action_dispatch/middleware/show_exceptions.rb:33:in `call'
railties (6.0.3) lib/rails/rack/logger.rb:37:in `call_app'
railties (6.0.3) lib/rails/rack/logger.rb:26:in `block in call'
activesupport (6.0.3) lib/active_support/tagged_logging.rb:80:in `block in tagged'
activesupport (6.0.3) lib/active_support/tagged_logging.rb:28:in `tagged'
activesupport (6.0.3) lib/active_support/tagged_logging.rb:80:in `tagged'
railties (6.0.3) lib/rails/rack/logger.rb:26:in `call'
sprockets-rails (3.2.1) lib/sprockets/rails/quiet_assets.rb:13:in `call'
actionpack (6.0.3) lib/action_dispatch/middleware/remote_ip.rb:81:in `call'
actionpack (6.0.3) lib/action_dispatch/middleware/request_id.rb:27:in `call'
rack (2.2.2) lib/rack/method_override.rb:24:in `call'
rack (2.2.2) lib/rack/runtime.rb:22:in `call'
activesupport (6.0.3) lib/active_support/cache/strategy/local_cache_middleware.rb:29:in `call'
actionpack (6.0.3) lib/action_dispatch/middleware/executor.rb:14:in `call'
actionpack (6.0.3) lib/action_dispatch/middleware/static.rb:126:in `call'
rack (2.2.2) lib/rack/sendfile.rb:110:in `call'
actionpack (6.0.3) lib/action_dispatch/middleware/host_authorization.rb:76:in `call'
webpacker (4.2.2) lib/webpacker/dev_server_proxy.rb:23:in `perform_request'
rack-proxy (0.6.5) lib/rack/proxy.rb:57:in `call'
railties (6.0.3) lib/rails/engine.rb:527:in `call'
puma (4.3.3) lib/puma/configuration.rb:228:in `call'
puma (4.3.3) lib/puma/server.rb:682:in `handle_request'
puma (4.3.3) lib/puma/server.rb:472:in `process_client'
puma (4.3.3) lib/puma/server.rb:328:in `block in run'
puma (4.3.3) lib/puma/thread_pool.rb:134:in `block in spawn_thread'
Started GET "/css/site.css" for 47.150.233.55 at 2020-05-12 18:55:34 +0000
Cannot render console from 47.150.233.55! Allowed networks: 127.0.0.0/127.255.255.255, ::1
  
ActionController::RoutingError (No route matches [GET] "/css/site.css"):
  
actionpack (6.0.3) lib/action_dispatch/middleware/debug_exceptions.rb:36:in `call'
web-console (4.0.2) lib/web_console/middleware.rb:132:in `call_app'
web-console (4.0.2) lib/web_console/middleware.rb:19:in `block in call'
web-console (4.0.2) lib/web_console/middleware.rb:17:in `catch'
web-console (4.0.2) lib/web_console/middleware.rb:17:in `call'
actionpack (6.0.3) lib/action_dispatch/middleware/show_exceptions.rb:33:in `call'
railties (6.0.3) lib/rails/rack/logger.rb:37:in `call_app'
railties (6.0.3) lib/rails/rack/logger.rb:26:in `block in call'
activesupport (6.0.3) lib/active_support/tagged_logging.rb:80:in `block in tagged'
activesupport (6.0.3) lib/active_support/tagged_logging.rb:28:in `tagged'
activesupport (6.0.3) lib/active_support/tagged_logging.rb:80:in `tagged'
railties (6.0.3) lib/rails/rack/logger.rb:26:in `call'
sprockets-rails (3.2.1) lib/sprockets/rails/quiet_assets.rb:13:in `call'
actionpack (6.0.3) lib/action_dispatch/middleware/remote_ip.rb:81:in `call'
actionpack (6.0.3) lib/action_dispatch/middleware/request_id.rb:27:in `call'
rack (2.2.2) lib/rack/method_override.rb:24:in `call'
rack (2.2.2) lib/rack/runtime.rb:22:in `call'
activesupport (6.0.3) lib/active_support/cache/strategy/local_cache_middleware.rb:29:in `call'
actionpack (6.0.3) lib/action_dispatch/middleware/executor.rb:14:in `call'
actionpack (6.0.3) lib/action_dispatch/middleware/static.rb:126:in `call'
rack (2.2.2) lib/rack/sendfile.rb:110:in `call'
actionpack (6.0.3) lib/action_dispatch/middleware/host_authorization.rb:76:in `call'
webpacker (4.2.2) lib/webpacker/dev_server_proxy.rb:23:in `perform_request'
rack-proxy (0.6.5) lib/rack/proxy.rb:57:in `call'
railties (6.0.3) lib/rails/engine.rb:527:in `call'
puma (4.3.3) lib/puma/configuration.rb:228:in `call'
puma (4.3.3) lib/puma/server.rb:682:in `handle_request'
puma (4.3.3) lib/puma/server.rb:472:in `process_client'
puma (4.3.3) lib/puma/server.rb:328:in `block in run'
puma (4.3.3) lib/puma/thread_pool.rb:134:in `block in spawn_thread'
Started GET "/" for 47.150.233.55 at 2020-05-12 18:55:36 +0000
Cannot render console from 47.150.233.55! Allowed networks: 127.0.0.0/127.255.255.255, ::1
Processing by HomeController#index as HTML
  Rendering home/index.html.erb within layouts/application
  Rendered home/index.html.erb within layouts/application (Duration: 0.1ms | Allocations: 4)
Completed 200 OK in 2ms (Views: 1.0ms | ActiveRecord: 0.0ms | Allocations: 673)


Started GET "/js/scripts.js" for 47.150.233.55 at 2020-05-12 18:55:36 +0000
Cannot render console from 47.150.233.55! Allowed networks: 127.0.0.0/127.255.255.255, ::1
  
ActionController::RoutingError (No route matches [GET] "/js/scripts.js"):
  
actionpack (6.0.3) lib/action_dispatch/middleware/debug_exceptions.rb:36:in `call'
web-console (4.0.2) lib/web_console/middleware.rb:132:in `call_app'
web-console (4.0.2) lib/web_console/middleware.rb:19:in `block in call'
web-console (4.0.2) lib/web_console/middleware.rb:17:in `catch'
web-console (4.0.2) lib/web_console/middleware.rb:17:in `call'
actionpack (6.0.3) lib/action_dispatch/middleware/show_exceptions.rb:33:in `call'
railties (6.0.3) lib/rails/rack/logger.rb:37:in `call_app'
railties (6.0.3) lib/rails/rack/logger.rb:26:in `block in call'
activesupport (6.0.3) lib/active_support/tagged_logging.rb:80:in `block in tagged'
activesupport (6.0.3) lib/active_support/tagged_logging.rb:28:in `tagged'
activesupport (6.0.3) lib/active_support/tagged_logging.rb:80:in `tagged'
railties (6.0.3) lib/rails/rack/logger.rb:26:in `call'
sprockets-rails (3.2.1) lib/sprockets/rails/quiet_assets.rb:13:in `call'
actionpack (6.0.3) lib/action_dispatch/middleware/remote_ip.rb:81:in `call'
actionpack (6.0.3) lib/action_dispatch/middleware/request_id.rb:27:in `call'
rack (2.2.2) lib/rack/method_override.rb:24:in `call'
rack (2.2.2) lib/rack/runtime.rb:22:in `call'
activesupport (6.0.3) lib/active_support/cache/strategy/local_cache_middleware.rb:29:in `call'
actionpack (6.0.3) lib/action_dispatch/middleware/executor.rb:14:in `call'
actionpack (6.0.3) lib/action_dispatch/middleware/static.rb:126:in `call'
rack (2.2.2) lib/rack/sendfile.rb:110:in `call'
actionpack (6.0.3) lib/action_dispatch/middleware/host_authorization.rb:76:in `call'
webpacker (4.2.2) lib/webpacker/dev_server_proxy.rb:23:in `perform_request'
rack-proxy (0.6.5) lib/rack/proxy.rb:57:in `call'
railties (6.0.3) lib/rails/engine.rb:527:in `call'
puma (4.3.3) lib/puma/configuration.rb:228:in `call'
puma (4.3.3) lib/puma/server.rb:682:in `handle_request'
puma (4.3.3) lib/puma/server.rb:472:in `process_client'
puma (4.3.3) lib/puma/server.rb:328:in `block in run'
puma (4.3.3) lib/puma/thread_pool.rb:134:in `block in spawn_thread'
Started GET "/css/site.css" for 47.150.233.55 at 2020-05-12 18:55:36 +0000
Cannot render console from 47.150.233.55! Allowed networks: 127.0.0.0/127.255.255.255, ::1
  
ActionController::RoutingError (No route matches [GET] "/css/site.css"):
  
actionpack (6.0.3) lib/action_dispatch/middleware/debug_exceptions.rb:36:in `call'
web-console (4.0.2) lib/web_console/middleware.rb:132:in `call_app'
web-console (4.0.2) lib/web_console/middleware.rb:19:in `block in call'
web-console (4.0.2) lib/web_console/middleware.rb:17:in `catch'
web-console (4.0.2) lib/web_console/middleware.rb:17:in `call'
actionpack (6.0.3) lib/action_dispatch/middleware/show_exceptions.rb:33:in `call'
railties (6.0.3) lib/rails/rack/logger.rb:37:in `call_app'
railties (6.0.3) lib/rails/rack/logger.rb:26:in `block in call'
activesupport (6.0.3) lib/active_support/tagged_logging.rb:80:in `block in tagged'
activesupport (6.0.3) lib/active_support/tagged_logging.rb:28:in `tagged'
activesupport (6.0.3) lib/active_support/tagged_logging.rb:80:in `tagged'
railties (6.0.3) lib/rails/rack/logger.rb:26:in `call'
sprockets-rails (3.2.1) lib/sprockets/rails/quiet_assets.rb:13:in `call'
actionpack (6.0.3) lib/action_dispatch/middleware/remote_ip.rb:81:in `call'
actionpack (6.0.3) lib/action_dispatch/middleware/request_id.rb:27:in `call'
rack (2.2.2) lib/rack/method_override.rb:24:in `call'
rack (2.2.2) lib/rack/runtime.rb:22:in `call'
activesupport (6.0.3) lib/active_support/cache/strategy/local_cache_middleware.rb:29:in `call'
actionpack (6.0.3) lib/action_dispatch/middleware/executor.rb:14:in `call'
actionpack (6.0.3) lib/action_dispatch/middleware/static.rb:126:in `call'
rack (2.2.2) lib/rack/sendfile.rb:110:in `call'
actionpack (6.0.3) lib/action_dispatch/middleware/host_authorization.rb:76:in `call'
webpacker (4.2.2) lib/webpacker/dev_server_proxy.rb:23:in `perform_request'
rack-proxy (0.6.5) lib/rack/proxy.rb:57:in `call'
railties (6.0.3) lib/rails/engine.rb:527:in `call'
puma (4.3.3) lib/puma/configuration.rb:228:in `call'
puma (4.3.3) lib/puma/server.rb:682:in `handle_request'
puma (4.3.3) lib/puma/server.rb:472:in `process_client'
puma (4.3.3) lib/puma/server.rb:328:in `block in run'
puma (4.3.3) lib/puma/thread_pool.rb:134:in `block in spawn_thread'
Started GET "/js/scripts.js" for 47.150.233.55 at 2020-05-12 18:55:37 +0000
Cannot render console from 47.150.233.55! Allowed networks: 127.0.0.0/127.255.255.255, ::1
  
ActionController::RoutingError (No route matches [GET] "/js/scripts.js"):
  
actionpack (6.0.3) lib/action_dispatch/middleware/debug_exceptions.rb:36:in `call'
web-console (4.0.2) lib/web_console/middleware.rb:132:in `call_app'
web-console (4.0.2) lib/web_console/middleware.rb:19:in `block in call'
web-console (4.0.2) lib/web_console/middleware.rb:17:in `catch'
web-console (4.0.2) lib/web_console/middleware.rb:17:in `call'
actionpack (6.0.3) lib/action_dispatch/middleware/show_exceptions.rb:33:in `call'
railties (6.0.3) lib/rails/rack/logger.rb:37:in `call_app'
railties (6.0.3) lib/rails/rack/logger.rb:26:in `block in call'
activesupport (6.0.3) lib/active_support/tagged_logging.rb:80:in `block in tagged'
activesupport (6.0.3) lib/active_support/tagged_logging.rb:28:in `tagged'
activesupport (6.0.3) lib/active_support/tagged_logging.rb:80:in `tagged'
railties (6.0.3) lib/rails/rack/logger.rb:26:in `call'
sprockets-rails (3.2.1) lib/sprockets/rails/quiet_assets.rb:13:in `call'
actionpack (6.0.3) lib/action_dispatch/middleware/remote_ip.rb:81:in `call'
actionpack (6.0.3) lib/action_dispatch/middleware/request_id.rb:27:in `call'
rack (2.2.2) lib/rack/method_override.rb:24:in `call'
rack (2.2.2) lib/rack/runtime.rb:22:in `call'
activesupport (6.0.3) lib/active_support/cache/strategy/local_cache_middleware.rb:29:in `call'
actionpack (6.0.3) lib/action_dispatch/middleware/executor.rb:14:in `call'
actionpack (6.0.3) lib/action_dispatch/middleware/static.rb:126:in `call'
rack (2.2.2) lib/rack/sendfile.rb:110:in `call'
actionpack (6.0.3) lib/action_dispatch/middleware/host_authorization.rb:76:in `call'
webpacker (4.2.2) lib/webpacker/dev_server_proxy.rb:23:in `perform_request'
rack-proxy (0.6.5) lib/rack/proxy.rb:57:in `call'
railties (6.0.3) lib/rails/engine.rb:527:in `call'
puma (4.3.3) lib/puma/configuration.rb:228:in `call'
puma (4.3.3) lib/puma/server.rb:682:in `handle_request'
puma (4.3.3) lib/puma/server.rb:472:in `process_client'
puma (4.3.3) lib/puma/server.rb:328:in `block in run'
puma (4.3.3) lib/puma/thread_pool.rb:134:in `block in spawn_thread'
Started GET "/css/site.css" for 47.150.233.55 at 2020-05-12 18:55:49 +0000
Cannot render console from 47.150.233.55! Allowed networks: 127.0.0.0/127.255.255.255, ::1
  
ActionController::RoutingError (No route matches [GET] "/css/site.css"):
  
actionpack (6.0.3) lib/action_dispatch/middleware/debug_exceptions.rb:36:in `call'
web-console (4.0.2) lib/web_console/middleware.rb:132:in `call_app'
web-console (4.0.2) lib/web_console/middleware.rb:19:in `block in call'
web-console (4.0.2) lib/web_console/middleware.rb:17:in `catch'
web-console (4.0.2) lib/web_console/middleware.rb:17:in `call'
actionpack (6.0.3) lib/action_dispatch/middleware/show_exceptions.rb:33:in `call'
railties (6.0.3) lib/rails/rack/logger.rb:37:in `call_app'
railties (6.0.3) lib/rails/rack/logger.rb:26:in `block in call'
activesupport (6.0.3) lib/active_support/tagged_logging.rb:80:in `block in tagged'
activesupport (6.0.3) lib/active_support/tagged_logging.rb:28:in `tagged'
activesupport (6.0.3) lib/active_support/tagged_logging.rb:80:in `tagged'
railties (6.0.3) lib/rails/rack/logger.rb:26:in `call'
sprockets-rails (3.2.1) lib/sprockets/rails/quiet_assets.rb:13:in `call'
actionpack (6.0.3) lib/action_dispatch/middleware/remote_ip.rb:81:in `call'
actionpack (6.0.3) lib/action_dispatch/middleware/request_id.rb:27:in `call'
rack (2.2.2) lib/rack/method_override.rb:24:in `call'
rack (2.2.2) lib/rack/runtime.rb:22:in `call'
activesupport (6.0.3) lib/active_support/cache/strategy/local_cache_middleware.rb:29:in `call'
actionpack (6.0.3) lib/action_dispatch/middleware/executor.rb:14:in `call'
actionpack (6.0.3) lib/action_dispatch/middleware/static.rb:126:in `call'
rack (2.2.2) lib/rack/sendfile.rb:110:in `call'
actionpack (6.0.3) lib/action_dispatch/middleware/host_authorization.rb:76:in `call'
webpacker (4.2.2) lib/webpacker/dev_server_proxy.rb:23:in `perform_request'
rack-proxy (0.6.5) lib/rack/proxy.rb:57:in `call'
railties (6.0.3) lib/rails/engine.rb:527:in `call'
puma (4.3.3) lib/puma/configuration.rb:228:in `call'
puma (4.3.3) lib/puma/server.rb:682:in `handle_request'
puma (4.3.3) lib/puma/server.rb:472:in `process_client'
puma (4.3.3) lib/puma/server.rb:328:in `block in run'
puma (4.3.3) lib/puma/thread_pool.rb:134:in `block in spawn_thread'
  
ActionController::RoutingError (No route matches [GET] "/assets/css/site.css"):
  
actionpack (6.0.3) lib/action_dispatch/middleware/debug_exceptions.rb:36:in `call'
web-console (4.0.2) lib/web_console/middleware.rb:132:in `call_app'
web-console (4.0.2) lib/web_console/middleware.rb:19:in `block in call'
web-console (4.0.2) lib/web_console/middleware.rb:17:in `catch'
web-console (4.0.2) lib/web_console/middleware.rb:17:in `call'
actionpack (6.0.3) lib/action_dispatch/middleware/show_exceptions.rb:33:in `call'
railties (6.0.3) lib/rails/rack/logger.rb:37:in `call_app'
railties (6.0.3) lib/rails/rack/logger.rb:26:in `block in call'
activesupport (6.0.3) lib/active_support/tagged_logging.rb:80:in `block in tagged'
activesupport (6.0.3) lib/active_support/tagged_logging.rb:28:in `tagged'
activesupport (6.0.3) lib/active_support/tagged_logging.rb:80:in `tagged'
railties (6.0.3) lib/rails/rack/logger.rb:26:in `call'
sprockets-rails (3.2.1) lib/sprockets/rails/quiet_assets.rb:11:in `block in call'
activesupport (6.0.3) lib/active_support/logger_silence.rb:36:in `silence'
activesupport (6.0.3) lib/active_support/logger.rb:64:in `block (3 levels) in broadcast'
activesupport (6.0.3) lib/active_support/logger_silence.rb:36:in `silence'
activesupport (6.0.3) lib/active_support/logger.rb:62:in `block (2 levels) in broadcast'
sprockets-rails (3.2.1) lib/sprockets/rails/quiet_assets.rb:11:in `call'
actionpack (6.0.3) lib/action_dispatch/middleware/remote_ip.rb:81:in `call'
actionpack (6.0.3) lib/action_dispatch/middleware/request_id.rb:27:in `call'
rack (2.2.2) lib/rack/method_override.rb:24:in `call'
rack (2.2.2) lib/rack/runtime.rb:22:in `call'
activesupport (6.0.3) lib/active_support/cache/strategy/local_cache_middleware.rb:29:in `call'
actionpack (6.0.3) lib/action_dispatch/middleware/executor.rb:14:in `call'
actionpack (6.0.3) lib/action_dispatch/middleware/static.rb:126:in `call'
rack (2.2.2) lib/rack/sendfile.rb:110:in `call'
actionpack (6.0.3) lib/action_dispatch/middleware/host_authorization.rb:76:in `call'
webpacker (4.2.2) lib/webpacker/dev_server_proxy.rb:23:in `perform_request'
rack-proxy (0.6.5) lib/rack/proxy.rb:57:in `call'
railties (6.0.3) lib/rails/engine.rb:527:in `call'
puma (4.3.3) lib/puma/configuration.rb:228:in `call'
puma (4.3.3) lib/puma/server.rb:682:in `handle_request'
puma (4.3.3) lib/puma/server.rb:472:in `process_client'
puma (4.3.3) lib/puma/server.rb:328:in `block in run'
puma (4.3.3) lib/puma/thread_pool.rb:134:in `block in spawn_thread'
  
ActionController::RoutingError (No route matches [GET] "/assets/stylesheets/application.css"):
  
actionpack (6.0.3) lib/action_dispatch/middleware/debug_exceptions.rb:36:in `call'
web-console (4.0.2) lib/web_console/middleware.rb:132:in `call_app'
web-console (4.0.2) lib/web_console/middleware.rb:19:in `block in call'
web-console (4.0.2) lib/web_console/middleware.rb:17:in `catch'
web-console (4.0.2) lib/web_console/middleware.rb:17:in `call'
actionpack (6.0.3) lib/action_dispatch/middleware/show_exceptions.rb:33:in `call'
railties (6.0.3) lib/rails/rack/logger.rb:37:in `call_app'
railties (6.0.3) lib/rails/rack/logger.rb:26:in `block in call'
activesupport (6.0.3) lib/active_support/tagged_logging.rb:80:in `block in tagged'
activesupport (6.0.3) lib/active_support/tagged_logging.rb:28:in `tagged'
activesupport (6.0.3) lib/active_support/tagged_logging.rb:80:in `tagged'
railties (6.0.3) lib/rails/rack/logger.rb:26:in `call'
sprockets-rails (3.2.1) lib/sprockets/rails/quiet_assets.rb:11:in `block in call'
activesupport (6.0.3) lib/active_support/logger_silence.rb:36:in `silence'
activesupport (6.0.3) lib/active_support/logger.rb:64:in `block (3 levels) in broadcast'
activesupport (6.0.3) lib/active_support/logger_silence.rb:36:in `silence'
activesupport (6.0.3) lib/active_support/logger.rb:62:in `block (2 levels) in broadcast'
sprockets-rails (3.2.1) lib/sprockets/rails/quiet_assets.rb:11:in `call'
actionpack (6.0.3) lib/action_dispatch/middleware/remote_ip.rb:81:in `call'
actionpack (6.0.3) lib/action_dispatch/middleware/request_id.rb:27:in `call'
rack (2.2.2) lib/rack/method_override.rb:24:in `call'
rack (2.2.2) lib/rack/runtime.rb:22:in `call'
activesupport (6.0.3) lib/active_support/cache/strategy/local_cache_middleware.rb:29:in `call'
actionpack (6.0.3) lib/action_dispatch/middleware/executor.rb:14:in `call'
actionpack (6.0.3) lib/action_dispatch/middleware/static.rb:126:in `call'
rack (2.2.2) lib/rack/sendfile.rb:110:in `call'
actionpack (6.0.3) lib/action_dispatch/middleware/host_authorization.rb:76:in `call'
webpacker (4.2.2) lib/webpacker/dev_server_proxy.rb:23:in `perform_request'
rack-proxy (0.6.5) lib/rack/proxy.rb:57:in `call'
railties (6.0.3) lib/rails/engine.rb:527:in `call'
puma (4.3.3) lib/puma/configuration.rb:228:in `call'
puma (4.3.3) lib/puma/server.rb:682:in `handle_request'
puma (4.3.3) lib/puma/server.rb:472:in `process_client'
puma (4.3.3) lib/puma/server.rb:328:in `block in run'
puma (4.3.3) lib/puma/thread_pool.rb:134:in `block in spawn_thread'
Started GET "/stylesheets/application.css" for 47.150.233.55 at 2020-05-12 18:56:38 +0000
Cannot render console from 47.150.233.55! Allowed networks: 127.0.0.0/127.255.255.255, ::1
  
ActionController::RoutingError (No route matches [GET] "/stylesheets/application.css"):
  
actionpack (6.0.3) lib/action_dispatch/middleware/debug_exceptions.rb:36:in `call'
web-console (4.0.2) lib/web_console/middleware.rb:132:in `call_app'
web-console (4.0.2) lib/web_console/middleware.rb:19:in `block in call'
web-console (4.0.2) lib/web_console/middleware.rb:17:in `catch'
web-console (4.0.2) lib/web_console/middleware.rb:17:in `call'
actionpack (6.0.3) lib/action_dispatch/middleware/show_exceptions.rb:33:in `call'
railties (6.0.3) lib/rails/rack/logger.rb:37:in `call_app'
railties (6.0.3) lib/rails/rack/logger.rb:26:in `block in call'
activesupport (6.0.3) lib/active_support/tagged_logging.rb:80:in `block in tagged'
activesupport (6.0.3) lib/active_support/tagged_logging.rb:28:in `tagged'
activesupport (6.0.3) lib/active_support/tagged_logging.rb:80:in `tagged'
railties (6.0.3) lib/rails/rack/logger.rb:26:in `call'
sprockets-rails (3.2.1) lib/sprockets/rails/quiet_assets.rb:13:in `call'
actionpack (6.0.3) lib/action_dispatch/middleware/remote_ip.rb:81:in `call'
actionpack (6.0.3) lib/action_dispatch/middleware/request_id.rb:27:in `call'
rack (2.2.2) lib/rack/method_override.rb:24:in `call'
rack (2.2.2) lib/rack/runtime.rb:22:in `call'
activesupport (6.0.3) lib/active_support/cache/strategy/local_cache_middleware.rb:29:in `call'
actionpack (6.0.3) lib/action_dispatch/middleware/executor.rb:14:in `call'
actionpack (6.0.3) lib/action_dispatch/middleware/static.rb:126:in `call'
rack (2.2.2) lib/rack/sendfile.rb:110:in `call'
actionpack (6.0.3) lib/action_dispatch/middleware/host_authorization.rb:76:in `call'
webpacker (4.2.2) lib/webpacker/dev_server_proxy.rb:23:in `perform_request'
rack-proxy (0.6.5) lib/rack/proxy.rb:57:in `call'
railties (6.0.3) lib/rails/engine.rb:527:in `call'
puma (4.3.3) lib/puma/configuration.rb:228:in `call'
puma (4.3.3) lib/puma/server.rb:682:in `handle_request'
puma (4.3.3) lib/puma/server.rb:472:in `process_client'
puma (4.3.3) lib/puma/server.rb:328:in `block in run'
puma (4.3.3) lib/puma/thread_pool.rb:134:in `block in spawn_thread'
Started GET "/" for 47.150.233.55 at 2020-05-12 18:57:29 +0000
Cannot render console from 47.150.233.55! Allowed networks: 127.0.0.0/127.255.255.255, ::1
Processing by HomeController#index as HTML
  Rendering home/index.html.erb within layouts/application
  Rendered home/index.html.erb within layouts/application (Duration: 1.4ms | Allocations: 355)
Completed 200 OK in 6ms (Views: 4.0ms | ActiveRecord: 0.0ms | Allocations: 1841)


Started GET "/css/site.css" for 47.150.233.55 at 2020-05-12 18:57:29 +0000
Cannot render console from 47.150.233.55! Allowed networks: 127.0.0.0/127.255.255.255, ::1
  
ActionController::RoutingError (No route matches [GET] "/css/site.css"):
  
actionpack (6.0.3) lib/action_dispatch/middleware/debug_exceptions.rb:36:in `call'
web-console (4.0.2) lib/web_console/middleware.rb:132:in `call_app'
web-console (4.0.2) lib/web_console/middleware.rb:19:in `block in call'
web-console (4.0.2) lib/web_console/middleware.rb:17:in `catch'
web-console (4.0.2) lib/web_console/middleware.rb:17:in `call'
actionpack (6.0.3) lib/action_dispatch/middleware/show_exceptions.rb:33:in `call'
railties (6.0.3) lib/rails/rack/logger.rb:37:in `call_app'
railties (6.0.3) lib/rails/rack/logger.rb:26:in `block in call'
activesupport (6.0.3) lib/active_support/tagged_logging.rb:80:in `block in tagged'
activesupport (6.0.3) lib/active_support/tagged_logging.rb:28:in `tagged'
activesupport (6.0.3) lib/active_support/tagged_logging.rb:80:in `tagged'
railties (6.0.3) lib/rails/rack/logger.rb:26:in `call'
sprockets-rails (3.2.1) lib/sprockets/rails/quiet_assets.rb:13:in `call'
actionpack (6.0.3) lib/action_dispatch/middleware/remote_ip.rb:81:in `call'
actionpack (6.0.3) lib/action_dispatch/middleware/request_id.rb:27:in `call'
rack (2.2.2) lib/rack/method_override.rb:24:in `call'
rack (2.2.2) lib/rack/runtime.rb:22:in `call'
activesupport (6.0.3) lib/active_support/cache/strategy/local_cache_middleware.rb:29:in `call'
actionpack (6.0.3) lib/action_dispatch/middleware/executor.rb:14:in `call'
actionpack (6.0.3) lib/action_dispatch/middleware/static.rb:126:in `call'
rack (2.2.2) lib/rack/sendfile.rb:110:in `call'
actionpack (6.0.3) lib/action_dispatch/middleware/host_authorization.rb:76:in `call'
webpacker (4.2.2) lib/webpacker/dev_server_proxy.rb:23:in `perform_request'
rack-proxy (0.6.5) lib/rack/proxy.rb:57:in `call'
railties (6.0.3) lib/rails/engine.rb:527:in `call'
puma (4.3.3) lib/puma/configuration.rb:228:in `call'
puma (4.3.3) lib/puma/server.rb:682:in `handle_request'
puma (4.3.3) lib/puma/server.rb:472:in `process_client'
puma (4.3.3) lib/puma/server.rb:328:in `block in run'
puma (4.3.3) lib/puma/thread_pool.rb:134:in `block in spawn_thread'
Started GET "/js/scripts.js" for 47.150.233.55 at 2020-05-12 18:57:29 +0000
Cannot render console from 47.150.233.55! Allowed networks: 127.0.0.0/127.255.255.255, ::1
  
ActionController::RoutingError (No route matches [GET] "/js/scripts.js"):
  
actionpack (6.0.3) lib/action_dispatch/middleware/debug_exceptions.rb:36:in `call'
web-console (4.0.2) lib/web_console/middleware.rb:132:in `call_app'
web-console (4.0.2) lib/web_console/middleware.rb:19:in `block in call'
web-console (4.0.2) lib/web_console/middleware.rb:17:in `catch'
web-console (4.0.2) lib/web_console/middleware.rb:17:in `call'
actionpack (6.0.3) lib/action_dispatch/middleware/show_exceptions.rb:33:in `call'
railties (6.0.3) lib/rails/rack/logger.rb:37:in `call_app'
railties (6.0.3) lib/rails/rack/logger.rb:26:in `block in call'
activesupport (6.0.3) lib/active_support/tagged_logging.rb:80:in `block in tagged'
activesupport (6.0.3) lib/active_support/tagged_logging.rb:28:in `tagged'
activesupport (6.0.3) lib/active_support/tagged_logging.rb:80:in `tagged'
railties (6.0.3) lib/rails/rack/logger.rb:26:in `call'
sprockets-rails (3.2.1) lib/sprockets/rails/quiet_assets.rb:13:in `call'
actionpack (6.0.3) lib/action_dispatch/middleware/remote_ip.rb:81:in `call'
actionpack (6.0.3) lib/action_dispatch/middleware/request_id.rb:27:in `call'
rack (2.2.2) lib/rack/method_override.rb:24:in `call'
rack (2.2.2) lib/rack/runtime.rb:22:in `call'
activesupport (6.0.3) lib/active_support/cache/strategy/local_cache_middleware.rb:29:in `call'
actionpack (6.0.3) lib/action_dispatch/middleware/executor.rb:14:in `call'
actionpack (6.0.3) lib/action_dispatch/middleware/static.rb:126:in `call'
rack (2.2.2) lib/rack/sendfile.rb:110:in `call'
actionpack (6.0.3) lib/action_dispatch/middleware/host_authorization.rb:76:in `call'
webpacker (4.2.2) lib/webpacker/dev_server_proxy.rb:23:in `perform_request'
rack-proxy (0.6.5) lib/rack/proxy.rb:57:in `call'
railties (6.0.3) lib/rails/engine.rb:527:in `call'
puma (4.3.3) lib/puma/configuration.rb:228:in `call'
puma (4.3.3) lib/puma/server.rb:682:in `handle_request'
puma (4.3.3) lib/puma/server.rb:472:in `process_client'
puma (4.3.3) lib/puma/server.rb:328:in `block in run'
puma (4.3.3) lib/puma/thread_pool.rb:134:in `block in spawn_thread'
Started GET "/" for 47.150.233.55 at 2020-05-12 18:57:53 +0000
Cannot render console from 47.150.233.55! Allowed networks: 127.0.0.0/127.255.255.255, ::1
Processing by HomeController#index as HTML
  Rendering home/index.html.erb within layouts/application
  Rendered home/index.html.erb within layouts/application (Duration: 2.7ms | Allocations: 1586)
Completed 200 OK in 6ms (Views: 4.9ms | ActiveRecord: 0.0ms | Allocations: 3068)


Started GET "/" for 47.150.233.55 at 2020-05-12 19:00:34 +0000
Cannot render console from 47.150.233.55! Allowed networks: 127.0.0.0/127.255.255.255, ::1
Processing by HomeController#index as HTML
  Rendering home/index.html.erb within layouts/application
  Rendered home/index.html.erb within layouts/application (Duration: 2.8ms | Allocations: 2412)
Completed 500 Internal Server Error in 6ms (ActiveRecord: 0.0ms | Allocations: 3804)


  
ActionView::Template::Error (The asset "all.css" is not present in the asset pipeline.):
    11:     <%= csrf_meta_tags %>
    12:     <%= csp_meta_tag %>
    13:      
    14:     <%= stylesheet_link_tag :all %>
    15: 
    16:     <link rel="stylesheet" href="https://stackpath.bootstrapcdn.com/bootstrap/4.3.1/css/bootstrap.min.css"
    17:         
  
app/views/home/index.html.erb:14
Started GET "/" for 47.150.233.55 at 2020-05-12 19:01:15 +0000
Cannot render console from 47.150.233.55! Allowed networks: 127.0.0.0/127.255.255.255, ::1
Processing by HomeController#index as HTML
  Rendering home/index.html.erb within layouts/application
  Rendered home/index.html.erb within layouts/application (Duration: 7.1ms | Allocations: 3612)
Completed 500 Internal Server Error in 10ms (ActiveRecord: 0.0ms | Allocations: 4993)


  
ActionView::Template::Error (The asset "site.css" is not present in the asset pipeline.):
    11:     <%= csrf_meta_tags %>
    12:     <%= csp_meta_tag %>
    13:     <%= stylesheet_link_tag 'application', media: 'all', 'data-turbolinks-track': 'reload' %>
    14:     <%= stylesheet_link_tag 'site', media: 'all', 'data-turbolinks-track': 'reload' %>
    15: 
    16:     <link rel="stylesheet" href="https://stackpath.bootstrapcdn.com/bootstrap/4.3.1/css/bootstrap.min.css"
    17:         
  
app/views/home/index.html.erb:14
Started GET "/" for 47.150.233.55 at 2020-05-12 19:01:34 +0000
Cannot render console from 47.150.233.55! Allowed networks: 127.0.0.0/127.255.255.255, ::1
Processing by HomeController#index as HTML
  Rendering home/index.html.erb within layouts/application
  Rendered home/index.html.erb within layouts/application (Duration: 120.2ms | Allocations: 17746)
Completed 200 OK in 123ms (Views: 121.9ms | ActiveRecord: 0.0ms | Allocations: 18504)


Started GET "/css/site.css" for 47.150.233.55 at 2020-05-12 19:01:34 +0000
Started GET "/js/scripts.js" for 47.150.233.55 at 2020-05-12 19:01:34 +0000
Cannot render console from 47.150.233.55! Allowed networks: 127.0.0.0/127.255.255.255, ::1
Cannot render console from 47.150.233.55! Allowed networks: 127.0.0.0/127.255.255.255, ::1
  
ActionController::RoutingError (No route matches [GET] "/js/scripts.js"):
  
actionpack (6.0.3) lib/action_dispatch/middleware/debug_exceptions.rb:36:in `call'
web-console (4.0.2) lib/web_console/middleware.rb:132:in `call_app'
web-console (4.0.2) lib/web_console/middleware.rb:19:in `block in call'
web-console (4.0.2) lib/web_console/middleware.rb:17:in `catch'
web-console (4.0.2) lib/web_console/middleware.rb:17:in `call'
actionpack (6.0.3) lib/action_dispatch/middleware/show_exceptions.rb:33:in `call'
railties (6.0.3) lib/rails/rack/logger.rb:37:in `call_app'
railties (6.0.3) lib/rails/rack/logger.rb:26:in `block in call'
activesupport (6.0.3) lib/active_support/tagged_logging.rb:80:in `block in tagged'
activesupport (6.0.3) lib/active_support/tagged_logging.rb:28:in `tagged'
activesupport (6.0.3) lib/active_support/tagged_logging.rb:80:in `tagged'
railties (6.0.3) lib/rails/rack/logger.rb:26:in `call'
sprockets-rails (3.2.1) lib/sprockets/rails/quiet_assets.rb:13:in `call'
actionpack (6.0.3) lib/action_dispatch/middleware/remote_ip.rb:81:in `call'
actionpack (6.0.3) lib/action_dispatch/middleware/request_id.rb:27:in `call'
rack (2.2.2) lib/rack/method_override.rb:24:in `call'
rack (2.2.2) lib/rack/runtime.rb:22:in `call'
activesupport (6.0.3) lib/active_support/cache/strategy/local_cache_middleware.rb:29:in `call'
actionpack (6.0.3) lib/action_dispatch/middleware/executor.rb:14:in `call'
actionpack (6.0.3) lib/action_dispatch/middleware/static.rb:126:in `call'
rack (2.2.2) lib/rack/sendfile.rb:110:in `call'
actionpack (6.0.3) lib/action_dispatch/middleware/host_authorization.rb:76:in `call'
webpacker (4.2.2) lib/webpacker/dev_server_proxy.rb:23:in `perform_request'
rack-proxy (0.6.5) lib/rack/proxy.rb:57:in `call'
railties (6.0.3) lib/rails/engine.rb:527:in `call'
puma (4.3.3) lib/puma/configuration.rb:228:in `call'
puma (4.3.3) lib/puma/server.rb:682:in `handle_request'
puma (4.3.3) lib/puma/server.rb:472:in `process_client'
puma (4.3.3) lib/puma/server.rb:328:in `block in run'
puma (4.3.3) lib/puma/thread_pool.rb:134:in `block in spawn_thread'
  
ActionController::RoutingError (No route matches [GET] "/css/site.css"):
  
actionpack (6.0.3) lib/action_dispatch/middleware/debug_exceptions.rb:36:in `call'
web-console (4.0.2) lib/web_console/middleware.rb:132:in `call_app'
web-console (4.0.2) lib/web_console/middleware.rb:19:in `block in call'
web-console (4.0.2) lib/web_console/middleware.rb:17:in `catch'
web-console (4.0.2) lib/web_console/middleware.rb:17:in `call'
actionpack (6.0.3) lib/action_dispatch/middleware/show_exceptions.rb:33:in `call'
railties (6.0.3) lib/rails/rack/logger.rb:37:in `call_app'
railties (6.0.3) lib/rails/rack/logger.rb:26:in `block in call'
activesupport (6.0.3) lib/active_support/tagged_logging.rb:80:in `block in tagged'
activesupport (6.0.3) lib/active_support/tagged_logging.rb:28:in `tagged'
activesupport (6.0.3) lib/active_support/tagged_logging.rb:80:in `tagged'
railties (6.0.3) lib/rails/rack/logger.rb:26:in `call'
sprockets-rails (3.2.1) lib/sprockets/rails/quiet_assets.rb:13:in `call'
actionpack (6.0.3) lib/action_dispatch/middleware/remote_ip.rb:81:in `call'
actionpack (6.0.3) lib/action_dispatch/middleware/request_id.rb:27:in `call'
rack (2.2.2) lib/rack/method_override.rb:24:in `call'
rack (2.2.2) lib/rack/runtime.rb:22:in `call'
activesupport (6.0.3) lib/active_support/cache/strategy/local_cache_middleware.rb:29:in `call'
actionpack (6.0.3) lib/action_dispatch/middleware/executor.rb:14:in `call'
actionpack (6.0.3) lib/action_dispatch/middleware/static.rb:126:in `call'
rack (2.2.2) lib/rack/sendfile.rb:110:in `call'
actionpack (6.0.3) lib/action_dispatch/middleware/host_authorization.rb:76:in `call'
webpacker (4.2.2) lib/webpacker/dev_server_proxy.rb:23:in `perform_request'
rack-proxy (0.6.5) lib/rack/proxy.rb:57:in `call'
railties (6.0.3) lib/rails/engine.rb:527:in `call'
puma (4.3.3) lib/puma/configuration.rb:228:in `call'
puma (4.3.3) lib/puma/server.rb:682:in `handle_request'
puma (4.3.3) lib/puma/server.rb:472:in `process_client'
puma (4.3.3) lib/puma/server.rb:328:in `block in run'
puma (4.3.3) lib/puma/thread_pool.rb:134:in `block in spawn_thread'
Started GET "/" for 47.150.233.55 at 2020-05-12 19:02:47 +0000
Cannot render console from 47.150.233.55! Allowed networks: 127.0.0.0/127.255.255.255, ::1
Processing by HomeController#index as HTML
  Rendering home/index.html.erb within layouts/application
  Rendered home/index.html.erb within layouts/application (Duration: 528.1ms | Allocations: 65276)
Completed 500 Internal Server Error in 532ms (ActiveRecord: 0.0ms | Allocations: 66653)


  
ActionView::Template::Error (undefined method `javascript_link_tag' for #<#<Class:0x00007fb72c3c4e30>:0x00007fb72c3b2848>
Did you mean?  javascript_tag
               javascript_pack_tag):
    181:     <script src="https://cdnjs.cloudflare.com/ajax/libs/jquery-easing/1.4.1/jquery.easing.min.js"></script>
    182: 
    183:     <!-- Core theme JS-->
    184:     <%= javascript_link_tag 'scripts', 'data-turbolinks-track': 'reload' %>
    185: 
    186: 
    187: </body>
  
app/views/home/index.html.erb:184
Started GET "/" for 47.150.233.55 at 2020-05-12 19:03:05 +0000
Cannot render console from 47.150.233.55! Allowed networks: 127.0.0.0/127.255.255.255, ::1
Processing by HomeController#index as HTML
  Rendering home/index.html.erb within layouts/application
  Rendered home/index.html.erb within layouts/application (Duration: 8.0ms | Allocations: 3715)
Completed 500 Internal Server Error in 12ms (ActiveRecord: 0.0ms | Allocations: 5112)


  
ActionView::Template::Error (Webpacker can't find scripts in /za/app/public/packs/manifest.json. Possible causes:
1. You want to set webpacker.yml value of compile to true for your environment
   unless you are using the `webpack -w` or the webpack-dev-server.
2. webpack has not yet re-run to reflect updates.
3. You have misconfigured Webpacker's config/webpacker.yml file.
4. Your webpack configuration is not creating a manifest.
Your manifest contains:
{
}
):
    181:     <script src="https://cdnjs.cloudflare.com/ajax/libs/jquery-easing/1.4.1/jquery.easing.min.js"></script>
    182: 
    183:     <!-- Core theme JS-->
    184:     <%= javascript_pack_tag 'scripts', 'data-turbolinks-track': 'reload' %>
    185: 
    186: 
    187: </body>
  
app/views/home/index.html.erb:184
Started GET "/" for 47.150.233.188 at 2020-11-19 22:08:24 +0000
Cannot render console from 47.150.233.188! Allowed networks: 127.0.0.0/127.255.255.255, ::1
  [1m[35m (2.1ms)[0m  [1m[34mSELECT sqlite_version(*)[0m
Processing by HomeController#index as HTML
  Rendering home/index.html.erb within layouts/application
  Rendered home/index.html.erb within layouts/application (Duration: 2.7ms | Allocations: 711)
Completed 200 OK in 26ms (Views: 13.6ms | ActiveRecord: 0.0ms | Allocations: 3179)


Started GET "/" for 47.150.233.188 at 2020-11-19 22:32:30 +0000
Cannot render console from 47.150.233.188! Allowed networks: 127.0.0.0/127.255.255.255, ::1
  [1m[35m (0.1ms)[0m  [1m[34mSELECT sqlite_version(*)[0m
Processing by HomeController#index as HTML
  Rendering home/index.html.erb within layouts/application
  Rendered home/index.html.erb within layouts/application (Duration: 2.4ms | Allocations: 460)
Completed 200 OK in 13ms (Views: 7.9ms | ActiveRecord: 0.0ms | Allocations: 1615)


